<?xml version="1.0" encoding="UTF-8"?>
<robot generator="Robot 3.2.2 (Python 3.9.1 on win32)" generated="20210120 09:59:13.412" rpa="false">
<suite id="s1" name="OpenEmrProject" source="C:\RobotFramework\robot_workspace\OpenEmrProject">
<suite id="s1-s1" name="LoginSuite" source="C:\RobotFramework\robot_workspace\OpenEmrProject\LoginSuite">
<suite id="s1-s1-s1" name="Verify Valid Credentials" source="C:\RobotFramework\robot_workspace\OpenEmrProject\LoginSuite\verify_valid_credentials.robot">
<test id="s1-s1-s1-t1" name="TC1">
<status status="FAIL" starttime="20210120 09:59:14.378" endtime="20210120 09:59:14.379" critical="yes">Test case contains no keywords.</status>
</test>
<status status="FAIL" starttime="20210120 09:59:13.544" endtime="20210120 09:59:14.380"></status>
</suite>
<status status="FAIL" starttime="20210120 09:59:13.538" endtime="20210120 09:59:14.383"></status>
</suite>
<status status="FAIL" starttime="20210120 09:59:13.496" endtime="20210120 09:59:14.384"></status>
</suite>
<statistics>
<total>
<stat pass="0" fail="1">Critical Tests</stat>
<stat pass="0" fail="1">All Tests</stat>
</total>
<tag>
</tag>
<suite>
<stat pass="0" fail="1" id="s1" name="OpenEmrProject">OpenEmrProject</stat>
<stat pass="0" fail="1" id="s1-s1" name="LoginSuite">OpenEmrProject.LoginSuite</stat>
<stat pass="0" fail="1" id="s1-s1-s1" name="Verify Valid Credentials">OpenEmrProject.LoginSuite.Verify Valid Credentials</stat>
</suite>
</statistics>
<errors>
<msg timestamp="20210120 09:59:14.377" level="ERROR">Calling method '_start_suite' of listener 'DataDriver' failed: XLRDError: Excel xlsx file; not supported</msg>
</errors>
</robot>
