<?xml version="1.0" encoding="UTF-8"?>
<robot generator="Robot 3.2.2 (Python 3.9.1 on win32)" generated="20210121 12:04:09.964" rpa="false">
<suite id="s1" name="Verify Invalid Credentials" source="C:\RobotFramework\robot_workspace\OpenEmrProject\LoginSuite\verify_invalid_credentials.robot">
<test id="s1-t1" name="TC1">
<kw name="Launch Browser" library="common_functionality" type="setup">
<kw name="Append To Environment Variable" library="OperatingSystem">
<doc>Appends given ``values`` to environment variable ``name``.</doc>
<arguments>
<arg>Path</arg>
<arg>${OUTPUT_DIR}${/}driver</arg>
</arguments>
<msg timestamp="20210121 12:04:10.870" level="INFO">Environment variable 'Path' set to value 'C:\WINDOWS\system32;C:\WINDOWS;C:\WINDOWS\System32\Wbem;C:\WINDOWS\System32\WindowsPowerShell\v1.0\;C:\WINDOWS\System32\OpenSSH\;C:\Python;C:\Python\Scripts;C:\Xampp\mysql\bin;C:\Program Files\Git\cmd;C:\Program Files (x86)\Groovy\bin;C:\Program Files (x86)\Groovy\bin;C:\Program Files\Java\jdk1.8.0_281;C:\Program Files\Java\jdk1.8.0_281\bin;C:\Python\Scripts\;C:\Python\;C:\Users\CTEA\AppData\Local\Programs\Microsoft VS Code\bin;C:\Users\CTEA\AppData\Local\Microsoft\WindowsApps;C:\Xampp\mysql\bin;C:\Program Files (x86)\Groovy\bin;;C:\RobotFramework\robot_workspace\OpenEmrProject\driver'.</msg>
<status status="PASS" starttime="20210121 12:04:10.870" endtime="20210121 12:04:10.870"></status>
</kw>
<kw name="Open Browser" library="SeleniumLibrary">
<doc>Opens a new browser instance to the optional ``url``.</doc>
<arguments>
<arg>browser=${BROWSER_NAME}</arg>
</arguments>
<msg timestamp="20210121 12:04:10.871" level="INFO">Opening browser 'chrome' to base url 'None'.</msg>
<status status="PASS" starttime="20210121 12:04:10.870" endtime="20210121 12:04:18.163"></status>
</kw>
<kw name="Maximize Browser Window" library="SeleniumLibrary">
<doc>Maximizes current browser window.</doc>
<status status="PASS" starttime="20210121 12:04:18.163" endtime="20210121 12:04:20.301"></status>
</kw>
<kw name="Set Selenium Implicit Wait" library="SeleniumLibrary">
<doc>Sets the implicit wait value used by Selenium.</doc>
<arguments>
<arg>30s</arg>
</arguments>
<status status="PASS" starttime="20210121 12:04:20.301" endtime="20210121 12:04:20.303"></status>
</kw>
<kw name="Go To" library="SeleniumLibrary">
<doc>Navigates the current browser window to the provided ``url``.</doc>
<arguments>
<arg>url=${URL}</arg>
</arguments>
<msg timestamp="20210121 12:04:20.303" level="INFO">Opening url 'https://demo.openemr.io/b/openemr/interface/login/login.php?site=default'</msg>
<status status="PASS" starttime="20210121 12:04:20.303" endtime="20210121 12:04:48.210"></status>
</kw>
<status status="PASS" starttime="20210121 12:04:10.869" endtime="20210121 12:04:48.210"></status>
</kw>
<kw name="Verify_Invalid_Credentials">
<arguments>
<arg>admin1</arg>
<arg>pass123</arg>
<arg>English (Indian)</arg>
<arg>Invalid username or password</arg>
</arguments>
<kw name="Enter Username" library="LoginPage">
<arguments>
<arg>${username}</arg>
</arguments>
<kw name="Input Text" library="SeleniumLibrary">
<doc>Types the given ``text`` into the text field identified by ``locator``.</doc>
<arguments>
<arg>${USERNAME_LOC}</arg>
<arg>${username}</arg>
</arguments>
<msg timestamp="20210121 12:04:48.215" level="INFO">Typing text 'admin1' into text field 'authUser'.</msg>
<status status="PASS" starttime="20210121 12:04:48.215" endtime="20210121 12:04:48.656"></status>
</kw>
<status status="PASS" starttime="20210121 12:04:48.215" endtime="20210121 12:04:48.656"></status>
</kw>
<kw name="Enter Password" library="LoginPage">
<arguments>
<arg>${password}</arg>
</arguments>
<kw name="Input Text" library="SeleniumLibrary">
<doc>Types the given ``text`` into the text field identified by ``locator``.</doc>
<arguments>
<arg>${PASSWORD_LOC}</arg>
<arg>${password}</arg>
</arguments>
<msg timestamp="20210121 12:04:48.657" level="INFO">Typing text 'pass123' into text field 'clearPass'.</msg>
<status status="PASS" starttime="20210121 12:04:48.657" endtime="20210121 12:04:49.002"></status>
</kw>
<status status="PASS" starttime="20210121 12:04:48.656" endtime="20210121 12:04:49.002"></status>
</kw>
<kw name="Select Language" library="LoginPage">
<arguments>
<arg>${language}</arg>
</arguments>
<kw name="Select From List By Label" library="SeleniumLibrary">
<doc>Selects options from selection list ``locator`` by ``labels``.</doc>
<arguments>
<arg>${LANGUAGE_LOC}</arg>
<arg>${language}</arg>
</arguments>
<msg timestamp="20210121 12:04:49.003" level="INFO">Selecting options from selection list 'languageChoice' by label English (Indian).</msg>
<status status="PASS" starttime="20210121 12:04:49.003" endtime="20210121 12:04:49.286"></status>
</kw>
<status status="PASS" starttime="20210121 12:04:49.003" endtime="20210121 12:04:49.287"></status>
</kw>
<kw name="Click Login" library="LoginPage">
<kw name="Click Element" library="SeleniumLibrary">
<doc>Click the element identified by ``locator``.</doc>
<arguments>
<arg>${LOGIN_LOC}</arg>
</arguments>
<msg timestamp="20210121 12:04:49.287" level="INFO">Clicking element 'xpath=//button[@type='submit']'.</msg>
<status status="PASS" starttime="20210121 12:04:49.287" endtime="20210121 12:04:52.659"></status>
</kw>
<status status="PASS" starttime="20210121 12:04:49.287" endtime="20210121 12:04:52.659"></status>
</kw>
<kw name="Dashboard Page Should Contain" library="DashboardPage">
<arguments>
<arg>${expectedvalue}</arg>
</arguments>
<kw name="Page Should Contain" library="SeleniumLibrary">
<doc>Verifies that current page contains ``text``.</doc>
<arguments>
<arg>${pagetext}</arg>
</arguments>
<msg timestamp="20210121 12:04:52.770" level="INFO">Current page contains text 'Invalid username or password'.</msg>
<status status="PASS" starttime="20210121 12:04:52.660" endtime="20210121 12:04:52.771"></status>
</kw>
<status status="PASS" starttime="20210121 12:04:52.659" endtime="20210121 12:04:52.771"></status>
</kw>
<status status="PASS" starttime="20210121 12:04:48.214" endtime="20210121 12:04:52.771"></status>
</kw>
<kw name="End Browser" library="common_functionality" type="teardown">
<kw name="Close Browser" library="SeleniumLibrary">
<doc>Closes the current browser.</doc>
<status status="PASS" starttime="20210121 12:04:52.777" endtime="20210121 12:04:55.108"></status>
</kw>
<status status="PASS" starttime="20210121 12:04:52.776" endtime="20210121 12:04:55.108"></status>
</kw>
<status status="PASS" starttime="20210121 12:04:10.868" endtime="20210121 12:04:55.109" critical="yes"></status>
</test>
<test id="s1-t2" name="TC1">
<kw name="Launch Browser" library="common_functionality" type="setup">
<kw name="Append To Environment Variable" library="OperatingSystem">
<doc>Appends given ``values`` to environment variable ``name``.</doc>
<arguments>
<arg>Path</arg>
<arg>${OUTPUT_DIR}${/}driver</arg>
</arguments>
<msg timestamp="20210121 12:04:55.112" level="INFO">Environment variable 'Path' set to value 'C:\WINDOWS\system32;C:\WINDOWS;C:\WINDOWS\System32\Wbem;C:\WINDOWS\System32\WindowsPowerShell\v1.0\;C:\WINDOWS\System32\OpenSSH\;C:\Python;C:\Python\Scripts;C:\Xampp\mysql\bin;C:\Program Files\Git\cmd;C:\Program Files (x86)\Groovy\bin;C:\Program Files (x86)\Groovy\bin;C:\Program Files\Java\jdk1.8.0_281;C:\Program Files\Java\jdk1.8.0_281\bin;C:\Python\Scripts\;C:\Python\;C:\Users\CTEA\AppData\Local\Programs\Microsoft VS Code\bin;C:\Users\CTEA\AppData\Local\Microsoft\WindowsApps;C:\Xampp\mysql\bin;C:\Program Files (x86)\Groovy\bin;;C:\RobotFramework\robot_workspace\OpenEmrProject\driver;C:\RobotFramework\robot_workspace\OpenEmrProject\driver'.</msg>
<status status="PASS" starttime="20210121 12:04:55.112" endtime="20210121 12:04:55.112"></status>
</kw>
<kw name="Open Browser" library="SeleniumLibrary">
<doc>Opens a new browser instance to the optional ``url``.</doc>
<arguments>
<arg>browser=${BROWSER_NAME}</arg>
</arguments>
<msg timestamp="20210121 12:04:55.113" level="INFO">Opening browser 'chrome' to base url 'None'.</msg>
<status status="PASS" starttime="20210121 12:04:55.112" endtime="20210121 12:04:59.747"></status>
</kw>
<kw name="Maximize Browser Window" library="SeleniumLibrary">
<doc>Maximizes current browser window.</doc>
<status status="PASS" starttime="20210121 12:04:59.748" endtime="20210121 12:05:01.887"></status>
</kw>
<kw name="Set Selenium Implicit Wait" library="SeleniumLibrary">
<doc>Sets the implicit wait value used by Selenium.</doc>
<arguments>
<arg>30s</arg>
</arguments>
<status status="PASS" starttime="20210121 12:05:01.887" endtime="20210121 12:05:01.890"></status>
</kw>
<kw name="Go To" library="SeleniumLibrary">
<doc>Navigates the current browser window to the provided ``url``.</doc>
<arguments>
<arg>url=${URL}</arg>
</arguments>
<msg timestamp="20210121 12:05:01.891" level="INFO">Opening url 'https://demo.openemr.io/b/openemr/interface/login/login.php?site=default'</msg>
<status status="PASS" starttime="20210121 12:05:01.890" endtime="20210121 12:05:16.227"></status>
</kw>
<status status="PASS" starttime="20210121 12:04:55.111" endtime="20210121 12:05:16.227"></status>
</kw>
<kw name="Verify_Invalid_Credentials">
<arguments>
<arg>admin2</arg>
<arg>pass123</arg>
<arg>English (Indian)</arg>
<arg>Invalid username or password</arg>
</arguments>
<kw name="Enter Username" library="LoginPage">
<arguments>
<arg>${username}</arg>
</arguments>
<kw name="Input Text" library="SeleniumLibrary">
<doc>Types the given ``text`` into the text field identified by ``locator``.</doc>
<arguments>
<arg>${USERNAME_LOC}</arg>
<arg>${username}</arg>
</arguments>
<msg timestamp="20210121 12:05:16.233" level="INFO">Typing text 'admin2' into text field 'authUser'.</msg>
<status status="PASS" starttime="20210121 12:05:16.233" endtime="20210121 12:05:16.589"></status>
</kw>
<status status="PASS" starttime="20210121 12:05:16.232" endtime="20210121 12:05:16.589"></status>
</kw>
<kw name="Enter Password" library="LoginPage">
<arguments>
<arg>${password}</arg>
</arguments>
<kw name="Input Text" library="SeleniumLibrary">
<doc>Types the given ``text`` into the text field identified by ``locator``.</doc>
<arguments>
<arg>${PASSWORD_LOC}</arg>
<arg>${password}</arg>
</arguments>
<msg timestamp="20210121 12:05:16.590" level="INFO">Typing text 'pass123' into text field 'clearPass'.</msg>
<status status="PASS" starttime="20210121 12:05:16.590" endtime="20210121 12:05:16.952"></status>
</kw>
<status status="PASS" starttime="20210121 12:05:16.589" endtime="20210121 12:05:16.952"></status>
</kw>
<kw name="Select Language" library="LoginPage">
<arguments>
<arg>${language}</arg>
</arguments>
<kw name="Select From List By Label" library="SeleniumLibrary">
<doc>Selects options from selection list ``locator`` by ``labels``.</doc>
<arguments>
<arg>${LANGUAGE_LOC}</arg>
<arg>${language}</arg>
</arguments>
<msg timestamp="20210121 12:05:16.953" level="INFO">Selecting options from selection list 'languageChoice' by label English (Indian).</msg>
<status status="PASS" starttime="20210121 12:05:16.953" endtime="20210121 12:05:17.220"></status>
</kw>
<status status="PASS" starttime="20210121 12:05:16.952" endtime="20210121 12:05:17.220"></status>
</kw>
<kw name="Click Login" library="LoginPage">
<kw name="Click Element" library="SeleniumLibrary">
<doc>Click the element identified by ``locator``.</doc>
<arguments>
<arg>${LOGIN_LOC}</arg>
</arguments>
<msg timestamp="20210121 12:05:17.221" level="INFO">Clicking element 'xpath=//button[@type='submit']'.</msg>
<status status="PASS" starttime="20210121 12:05:17.221" endtime="20210121 12:05:19.778"></status>
</kw>
<status status="PASS" starttime="20210121 12:05:17.221" endtime="20210121 12:05:19.778"></status>
</kw>
<kw name="Dashboard Page Should Contain" library="DashboardPage">
<arguments>
<arg>${expectedvalue}</arg>
</arguments>
<kw name="Page Should Contain" library="SeleniumLibrary">
<doc>Verifies that current page contains ``text``.</doc>
<arguments>
<arg>${pagetext}</arg>
</arguments>
<msg timestamp="20210121 12:05:19.896" level="INFO">Current page contains text 'Invalid username or password'.</msg>
<status status="PASS" starttime="20210121 12:05:19.779" endtime="20210121 12:05:19.898"></status>
</kw>
<status status="PASS" starttime="20210121 12:05:19.779" endtime="20210121 12:05:19.898"></status>
</kw>
<status status="PASS" starttime="20210121 12:05:16.232" endtime="20210121 12:05:19.899"></status>
</kw>
<kw name="End Browser" library="common_functionality" type="teardown">
<kw name="Close Browser" library="SeleniumLibrary">
<doc>Closes the current browser.</doc>
<status status="PASS" starttime="20210121 12:05:19.904" endtime="20210121 12:05:22.207"></status>
</kw>
<status status="PASS" starttime="20210121 12:05:19.904" endtime="20210121 12:05:22.207"></status>
</kw>
<status status="PASS" starttime="20210121 12:04:55.111" endtime="20210121 12:05:22.208" critical="yes"></status>
</test>
<test id="s1-t3" name="TC1">
<kw name="Launch Browser" library="common_functionality" type="setup">
<kw name="Append To Environment Variable" library="OperatingSystem">
<doc>Appends given ``values`` to environment variable ``name``.</doc>
<arguments>
<arg>Path</arg>
<arg>${OUTPUT_DIR}${/}driver</arg>
</arguments>
<msg timestamp="20210121 12:05:22.211" level="INFO">Environment variable 'Path' set to value 'C:\WINDOWS\system32;C:\WINDOWS;C:\WINDOWS\System32\Wbem;C:\WINDOWS\System32\WindowsPowerShell\v1.0\;C:\WINDOWS\System32\OpenSSH\;C:\Python;C:\Python\Scripts;C:\Xampp\mysql\bin;C:\Program Files\Git\cmd;C:\Program Files (x86)\Groovy\bin;C:\Program Files (x86)\Groovy\bin;C:\Program Files\Java\jdk1.8.0_281;C:\Program Files\Java\jdk1.8.0_281\bin;C:\Python\Scripts\;C:\Python\;C:\Users\CTEA\AppData\Local\Programs\Microsoft VS Code\bin;C:\Users\CTEA\AppData\Local\Microsoft\WindowsApps;C:\Xampp\mysql\bin;C:\Program Files (x86)\Groovy\bin;;C:\RobotFramework\robot_workspace\OpenEmrProject\driver;C:\RobotFramework\robot_workspace\OpenEmrProject\driver;C:\RobotFramework\robot_workspace\OpenEmrProject\driver'.</msg>
<status status="PASS" starttime="20210121 12:05:22.211" endtime="20210121 12:05:22.211"></status>
</kw>
<kw name="Open Browser" library="SeleniumLibrary">
<doc>Opens a new browser instance to the optional ``url``.</doc>
<arguments>
<arg>browser=${BROWSER_NAME}</arg>
</arguments>
<msg timestamp="20210121 12:05:22.212" level="INFO">Opening browser 'chrome' to base url 'None'.</msg>
<status status="PASS" starttime="20210121 12:05:22.211" endtime="20210121 12:05:26.381"></status>
</kw>
<kw name="Maximize Browser Window" library="SeleniumLibrary">
<doc>Maximizes current browser window.</doc>
<status status="PASS" starttime="20210121 12:05:26.381" endtime="20210121 12:05:28.534"></status>
</kw>
<kw name="Set Selenium Implicit Wait" library="SeleniumLibrary">
<doc>Sets the implicit wait value used by Selenium.</doc>
<arguments>
<arg>30s</arg>
</arguments>
<status status="PASS" starttime="20210121 12:05:28.534" endtime="20210121 12:05:28.536"></status>
</kw>
<kw name="Go To" library="SeleniumLibrary">
<doc>Navigates the current browser window to the provided ``url``.</doc>
<arguments>
<arg>url=${URL}</arg>
</arguments>
<msg timestamp="20210121 12:05:28.537" level="INFO">Opening url 'https://demo.openemr.io/b/openemr/interface/login/login.php?site=default'</msg>
<status status="PASS" starttime="20210121 12:05:28.537" endtime="20210121 12:05:46.175"></status>
</kw>
<status status="PASS" starttime="20210121 12:05:22.210" endtime="20210121 12:05:46.176"></status>
</kw>
<kw name="Verify_Invalid_Credentials">
<arguments>
<arg>admin3</arg>
<arg>pass123</arg>
<arg>English (Indian)</arg>
<arg>Invalid username or password</arg>
</arguments>
<kw name="Enter Username" library="LoginPage">
<arguments>
<arg>${username}</arg>
</arguments>
<kw name="Input Text" library="SeleniumLibrary">
<doc>Types the given ``text`` into the text field identified by ``locator``.</doc>
<arguments>
<arg>${USERNAME_LOC}</arg>
<arg>${username}</arg>
</arguments>
<msg timestamp="20210121 12:05:46.179" level="INFO">Typing text 'admin3' into text field 'authUser'.</msg>
<status status="PASS" starttime="20210121 12:05:46.178" endtime="20210121 12:05:46.553"></status>
</kw>
<status status="PASS" starttime="20210121 12:05:46.178" endtime="20210121 12:05:46.554"></status>
</kw>
<kw name="Enter Password" library="LoginPage">
<arguments>
<arg>${password}</arg>
</arguments>
<kw name="Input Text" library="SeleniumLibrary">
<doc>Types the given ``text`` into the text field identified by ``locator``.</doc>
<arguments>
<arg>${PASSWORD_LOC}</arg>
<arg>${password}</arg>
</arguments>
<msg timestamp="20210121 12:05:46.555" level="INFO">Typing text 'pass123' into text field 'clearPass'.</msg>
<status status="PASS" starttime="20210121 12:05:46.554" endtime="20210121 12:05:46.921"></status>
</kw>
<status status="PASS" starttime="20210121 12:05:46.554" endtime="20210121 12:05:46.921"></status>
</kw>
<kw name="Select Language" library="LoginPage">
<arguments>
<arg>${language}</arg>
</arguments>
<kw name="Select From List By Label" library="SeleniumLibrary">
<doc>Selects options from selection list ``locator`` by ``labels``.</doc>
<arguments>
<arg>${LANGUAGE_LOC}</arg>
<arg>${language}</arg>
</arguments>
<msg timestamp="20210121 12:05:46.922" level="INFO">Selecting options from selection list 'languageChoice' by label English (Indian).</msg>
<status status="PASS" starttime="20210121 12:05:46.922" endtime="20210121 12:05:47.194"></status>
</kw>
<status status="PASS" starttime="20210121 12:05:46.921" endtime="20210121 12:05:47.195"></status>
</kw>
<kw name="Click Login" library="LoginPage">
<kw name="Click Element" library="SeleniumLibrary">
<doc>Click the element identified by ``locator``.</doc>
<arguments>
<arg>${LOGIN_LOC}</arg>
</arguments>
<msg timestamp="20210121 12:05:47.196" level="INFO">Clicking element 'xpath=//button[@type='submit']'.</msg>
<status status="PASS" starttime="20210121 12:05:47.195" endtime="20210121 12:05:49.759"></status>
</kw>
<status status="PASS" starttime="20210121 12:05:47.195" endtime="20210121 12:05:49.759"></status>
</kw>
<kw name="Dashboard Page Should Contain" library="DashboardPage">
<arguments>
<arg>${expectedvalue}</arg>
</arguments>
<kw name="Page Should Contain" library="SeleniumLibrary">
<doc>Verifies that current page contains ``text``.</doc>
<arguments>
<arg>${pagetext}</arg>
</arguments>
<msg timestamp="20210121 12:05:49.864" level="INFO">Current page contains text 'Invalid username or password'.</msg>
<status status="PASS" starttime="20210121 12:05:49.760" endtime="20210121 12:05:49.865"></status>
</kw>
<status status="PASS" starttime="20210121 12:05:49.759" endtime="20210121 12:05:49.865"></status>
</kw>
<status status="PASS" starttime="20210121 12:05:46.177" endtime="20210121 12:05:49.867"></status>
</kw>
<kw name="End Browser" library="common_functionality" type="teardown">
<kw name="Close Browser" library="SeleniumLibrary">
<doc>Closes the current browser.</doc>
<status status="PASS" starttime="20210121 12:05:49.883" endtime="20210121 12:05:52.188"></status>
</kw>
<status status="PASS" starttime="20210121 12:05:49.882" endtime="20210121 12:05:52.188"></status>
</kw>
<status status="PASS" starttime="20210121 12:05:22.210" endtime="20210121 12:05:52.189" critical="yes"></status>
</test>
<status status="PASS" starttime="20210121 12:04:09.966" endtime="20210121 12:05:52.191"></status>
</suite>
<statistics>
<total>
<stat pass="3" fail="0">Critical Tests</stat>
<stat pass="3" fail="0">All Tests</stat>
</total>
<tag>
</tag>
<suite>
<stat pass="3" fail="0" id="s1" name="Verify Invalid Credentials">Verify Invalid Credentials</stat>
</suite>
</statistics>
<errors>
<msg timestamp="20210121 12:04:55.110" level="WARN">Multiple test cases with name 'TC1' executed in test suite 'Verify Invalid Credentials'.</msg>
<msg timestamp="20210121 12:05:22.209" level="WARN">Multiple test cases with name 'TC1' executed in test suite 'Verify Invalid Credentials'.</msg>
</errors>
</robot>
